[01:11:23] [ServerMain/INFO]: [bootstrap] Running Java 21 (OpenJDK 64-Bit Server VM 21.0.10+7-Ubuntu-124.04; Ubuntu null) on Linux 6.8.0-1044-azure (amd64)
[01:11:23] [ServerMain/INFO]: [bootstrap] Loading Paper 1.21.11-99-main@81b9122 (2026-01-20T19:08:30Z) for Minecraft 1.21.11
[01:11:23] [ServerMain/INFO]: [PluginInitializerManager] Initializing plugins...
[01:11:25] [ServerMain/INFO]: [FileProviderSource] The spark plugin will not be loaded as this server bundles the spark profiler.
[01:11:25] [ServerMain/INFO]: [PluginInitializerManager] Initialized 5 plugins
[01:11:25] [ServerMain/INFO]: [PluginInitializerManager] Bukkit plugins (5):
 - BFV (1.1), Chunky (1.4.40), ChunkyBorder (1.2.23), ClearLag (3.2.2), ViewDistanceTweaks (1.5.7)
[01:11:30] [ServerMain/INFO]: Environment: Environment[sessionHost=https://sessionserver.mojang.com, servicesHost=https://api.minecraftservices.com, profilesHost=https://api.mojang.com, name=PROD]
[01:11:32] [ServerMain/INFO]: Loaded 1470 recipes
[01:11:32] [ServerMain/INFO]: Loaded 1584 advancements
[01:11:32] [ServerMain/INFO]: [ca.spottedleaf.dataconverter.minecraft.datatypes.MCTypeRegistry] Initialising converters for DataConverter...
[01:11:33] [ServerMain/INFO]: [ca.spottedleaf.dataconverter.minecraft.datatypes.MCTypeRegistry] Finished initialising converters for DataConverter in 417.9ms
[01:11:33] [Server thread/INFO]: Starting minecraft server version 1.21.11
[01:11:33] [Server thread/INFO]: Loading properties
[01:11:33] [Server thread/INFO]: This server is running Paper version 1.21.11-99-main@81b9122 (2026-01-20T19:08:30Z) (Implementing API version 1.21.11-R0.1-SNAPSHOT)
[01:11:33] [Server thread/INFO]: [spark] This server bundles the spark profiler. For more information please visit https://docs.papermc.io/paper/profiling
[01:11:34] [Server thread/INFO]: Server Ping Player Sample Count: 12
[01:11:34] [Server thread/INFO]: Using 4 threads for Netty based IO
[01:11:36] [Server thread/INFO]: [MoonriseCommon] Paper is using 1 worker threads, 1 I/O threads
[01:11:36] [Server thread/INFO]: Default game type: SURVIVAL
[01:11:36] [Server thread/INFO]: Generating keypair
[01:11:36] [Server thread/INFO]: Starting Minecraft server on *:25565
[01:11:36] [Server thread/INFO]: Paper: Using libdeflate (Linux x86_64) compression from Velocity.
[01:11:36] [Server thread/INFO]: Paper: Using OpenSSL 3.x.x (Linux x86_64) cipher from Velocity.
[01:11:36] [Server thread/INFO]: [Chunky] Loading server plugin Chunky v1.4.40
[01:11:36] [Server thread/INFO]: [ViewDistanceTweaks] Loading server plugin ViewDistanceTweaks v1.5.7
[01:11:36] [Server thread/INFO]: [BFV] Loading server plugin BFV v1.1
[01:11:36] [Server thread/INFO]: [ChunkyBorder] Loading server plugin ChunkyBorder v1.2.23
[01:11:36] [Server thread/INFO]: [ClearLag] Loading server plugin ClearLag v3.2.2
[01:11:36] [Server thread/INFO]: Server permissions file permissions.yml is empty, ignoring it
[01:11:36] [Server thread/WARN]: **** SERVER IS RUNNING IN OFFLINE/INSECURE MODE!
[01:11:36] [Server thread/WARN]: The server will make no attempt to authenticate usernames. Beware.
[01:11:36] [Server thread/WARN]: While this makes the game possible to play without internet access, it also opens up the ability for hackers to connect with any username they choose.
[01:11:36] [Server thread/WARN]: To change this, set "online-mode" to "true" in the server.properties file.
[01:11:36] [Server thread/INFO]: Preparing level "world"
[01:11:37] [Server thread/INFO]: [ca.spottedleaf.moonrise.common.util.MoonriseConstants] NUMA enable flag is not set; however there is NUMA interaction support for this OS.
[01:11:37] [Server thread/INFO]: [ca.spottedleaf.moonrise.common.util.MoonriseConstants] Detected 1 NUMA nodes.
[01:11:37] [Server thread/INFO]: Loading 0 persistent chunks for world 'minecraft:overworld'...
[01:11:37] [Server thread/INFO]: Preparing spawn area: 100%
[01:11:37] [Server thread/INFO]: Prepared spawn area in 4 ms
[01:11:37] [Server thread/INFO]: Loading 0 persistent chunks for world 'minecraft:the_nether'...
[01:11:37] [Server thread/INFO]: Preparing spawn area: 100%
[01:11:37] [Server thread/INFO]: Prepared spawn area in 1 ms
[01:11:37] [Server thread/INFO]: Loading 0 persistent chunks for world 'minecraft:the_end'...
[01:11:37] [Server thread/INFO]: Prepared spawn area in 2 ms
[01:11:37] [Server thread/INFO]: Done preparing level "world" (0.730s)
[01:11:37] [Server thread/INFO]: [Chunky] Enabling Chunky v1.4.40
[01:11:37] [Server thread/INFO]: [ViewDistanceTweaks] Enabling ViewDistanceTweaks v1.5.7
[01:11:37] [Server thread/WARN]: [ViewDistanceTweaks] ViewDistanceTweaks must be configured before it can be enabled. Edit the config.yml file in the plugin's data folder, setting the 'enabled' option to true when you are done, then reload or restart the server.
[01:11:37] [Server thread/INFO]: [ViewDistanceTweaks] Disabling ViewDistanceTweaks v1.5.7
[01:11:37] [Server thread/INFO]: [BFV] Enabling BFV v1.1
[01:11:39] [Server thread/INFO]: <!> ----------------------------------------------------------- <!>
[01:11:39] [Server thread/INFO]: 
[01:11:39] [Server thread/INFO]: BFV Your plugin is not up to date! Your current version is: 1.1, and the latest version is: <!doctype html>! You can download the latest version here: <html lang="en"> No support will be given for this version of the plugin.
[01:11:39] [Server thread/INFO]: 
[01:11:39] [Server thread/INFO]: <!> ----------------------------------------------------------- <!>
[01:11:39] [Server thread/INFO]: [ChunkyBorder] Enabling ChunkyBorder v1.2.23
[01:11:39] [Server thread/WARN]: [ChunkyBorder] No saved borders found.
[01:11:39] [Server thread/INFO]: [ClearLag] Enabling ClearLag v3.2.2
[01:11:39] [Server thread/INFO]: [ClearLag] Using version-adapter: LatestVersionAdapter
[01:11:40] [Server thread/INFO]: [ClearLag] Loading modules...
[01:11:40] [Server thread/WARN]: [ClearLag] Clearlag failed to use the internal TPS tracker during initialization. Reverted to estimation... (Index 3 out of bounds for length 3)
[01:11:40] [Server thread/INFO]: [ClearLag] Modules enabed, loading config values
[01:11:40] [Server thread/INFO]: [ClearLag] Modules have been loaded!
[01:11:40] [Server thread/INFO]: [ClearLag] Clearlag is now enabled!
[01:11:40] [Thread-8/WARN]: [ClearLag] Clearlag failed to check for updates - bukkit may be down
[01:11:40] [Thread-8/WARN]: java.lang.ArrayIndexOutOfBoundsException: Index 3 out of bounds for length 3
[01:11:40] [Thread-8/WARN]: 	at Clearlag.jar//me.minebuilders.clearlag.Util.getBukkitVersion(Util.java:105)
[01:11:40] [Thread-8/WARN]: 	at Clearlag.jar//me.minebuilders.clearlag.BukkitUpdater.updateAvailable(BukkitUpdater.java:32)
[01:11:40] [Thread-8/WARN]: 	at Clearlag.jar//me.minebuilders.clearlag.BukkitUpdater.run(BukkitUpdater.java:82)
[01:11:40] [Thread-8/WARN]: 	at java.base/java.lang.Thread.run(Thread.java:1583)
[01:11:40] [Server thread/INFO]: [spark] Starting background profiler...
[01:11:41] [Server thread/INFO]: Running delayed init tasks
[01:11:41] [Server thread/INFO]: Done (19.967s)! For help, type "help"
[01:11:41] [Paper Async Task Handler Thread - 1/INFO]: *** Currently you are 30 build(s) behind ***
[01:11:41] [Paper Async Task Handler Thread - 1/INFO]: *** It is highly recommended to download the latest build from https://papermc.io/downloads/paper ***
[01:14:49] [User Authenticator #0/INFO]: UUID of player xd600yu is ad24774e-c992-3e4c-9e0c-e2e893f74d49
[01:14:51] [Server thread/INFO]: xd600yu joined the game
[01:14:51] [Server thread/INFO]: xd600yu[/127.45.202.141:51789] logged in with entity id 37 at ([world]-116.30000001192093, 64.0, -18.687155136845373)
[01:15:07] [Server thread/INFO]: Made xd600yu a server operator
[01:15:13] [Server thread/INFO]: [xd600yu: Set own game mode to Creative Mode]
[01:25:15] [Server thread/INFO]: xd600yu lost connection: Disconnected
[01:25:15] [Server thread/INFO]: xd600yu left the game
[01:25:15] [Server thread/INFO]: Stopping server
[01:25:15] [Server thread/INFO]: [ClearLag] Disabling ClearLag v3.2.2
[01:25:15] [Server thread/INFO]: [ClearLag] Clearlag is now disabled!
[01:25:15] [Server thread/INFO]: [ChunkyBorder] Disabling ChunkyBorder v1.2.23
[01:25:15] [Server thread/INFO]: [BFV] Disabling BFV v1.1
[01:25:15] [Server thread/INFO]: BFV Successfully stopped.
[01:25:15] [Server thread/INFO]: [Chunky] Disabling Chunky v1.4.40
[01:25:15] [Server thread/INFO]: Saving players
[01:25:16] [Server thread/INFO]: Saving worlds
[01:25:16] [Server thread/INFO]: Saving chunks for level 'ServerLevel[world]'/minecraft:overworld
[01:25:16] [Server thread/INFO]: [ChunkHolderManager] Waiting 60s for chunk system to halt for world 'world'
[01:25:16] [Server thread/INFO]: [ChunkHolderManager] Halted chunk system for world 'world'
[01:25:16] [Server thread/INFO]: [ChunkHolderManager] Saving all chunkholders for world 'world'
[01:25:17] [Server thread/INFO]: [ChunkHolderManager] Saved 1268 block chunks, 331 entity chunks, 3 poi chunks in world 'world' in 1.35s
[01:25:17] [Server thread/INFO]: [ChunkHolderManager] Waiting 60s for chunk I/O to halt for world 'world'
[01:25:17] [Server thread/INFO]: [ChunkHolderManager] Halted I/O scheduler for world 'world'
[01:25:17] [Server thread/INFO]: Saving chunks for level 'ServerLevel[world_nether]'/minecraft:the_nether
[01:25:17] [Server thread/INFO]: [ChunkHolderManager] Waiting 60s for chunk system to halt for world 'world_nether'
[01:25:17] [Server thread/INFO]: [ChunkHolderManager] Halted chunk system for world 'world_nether'
[01:25:17] [Server thread/INFO]: [ChunkHolderManager] Saving all chunkholders for world 'world_nether'
[01:25:17] [Server thread/INFO]: [ChunkHolderManager] Saved 0 block chunks, 0 entity chunks, 0 poi chunks in world 'world_nether' in 0.00s
[01:25:17] [Server thread/INFO]: [ChunkHolderManager] Waiting 60s for chunk I/O to halt for world 'world_nether'
[01:25:17] [Server thread/INFO]: [ChunkHolderManager] Halted I/O scheduler for world 'world_nether'
[01:25:17] [Server thread/INFO]: Saving chunks for level 'ServerLevel[world_the_end]'/minecraft:the_end
[01:25:17] [Server thread/INFO]: [ChunkHolderManager] Waiting 60s for chunk system to halt for world 'world_the_end'
[01:25:17] [Server thread/INFO]: [ChunkHolderManager] Halted chunk system for world 'world_the_end'
[01:25:17] [Server thread/INFO]: [ChunkHolderManager] Saving all chunkholders for world 'world_the_end'
[01:25:17] [Server thread/INFO]: [ChunkHolderManager] Saved 0 block chunks, 0 entity chunks, 0 poi chunks in world 'world_the_end' in 0.00s
[01:25:17] [Server thread/INFO]: [ChunkHolderManager] Waiting 60s for chunk I/O to halt for world 'world_the_end'
[01:25:17] [Server thread/INFO]: [ChunkHolderManager] Halted I/O scheduler for world 'world_the_end'
[01:25:17] [Server thread/INFO]: ThreadedAnvilChunkStorage (world): All chunks are saved
[01:25:17] [Server thread/INFO]: ThreadedAnvilChunkStorage (DIM-1): All chunks are saved
[01:25:17] [Server thread/INFO]: ThreadedAnvilChunkStorage (DIM1): All chunks are saved
[01:25:17] [Server thread/INFO]: ThreadedAnvilChunkStorage: All dimensions are saved
[01:25:17] [Server thread/INFO]: Waiting for all RegionFile I/O tasks to complete...
[01:25:17] [Server thread/INFO]: All RegionFile I/O tasks to complete
[01:25:17] [Server thread/INFO]: [MoonriseCommon] Awaiting termination of worker pool for up to 60s...
[01:25:17] [Server thread/INFO]: [MoonriseCommon] Awaiting termination of I/O pool for up to 60s...
